{"/home/vfilho/projects/calculator_sezzle/front/src/App.css": {"path":"/home/vfilho/projects/calculator_sezzle/front/src/App.css","statementMap":{},"fnMap":{},"branchMap":{},"s":{},"f":{},"b":{},"meta":{"lastBranch":0,"lastFunction":0,"lastStatement":0,"seen":{},"fnNames":{}}}
,"/home/vfilho/projects/calculator_sezzle/front/src/App.tsx": {"path":"/home/vfilho/projects/calculator_sezzle/front/src/App.tsx","statementMap":{"0":{"start":{"line":5,"column":2},"end":{"line":13,"column":null}}},"fnMap":{"0":{"name":"App","decl":{"start":{"line":4,"column":9},"end":{"line":4,"column":15}},"loc":{"start":{"line":4,"column":15},"end":{"line":15,"column":null}},"line":4}},"branchMap":{},"s":{"0":0},"f":{"0":0},"b":{},"meta":{"lastBranch":0,"lastFunction":1,"lastStatement":1,"seen":{"f:4:9:4:15":0,"s:5:2:13:Infinity":0},"fnNames":{}}}
,"/home/vfilho/projects/calculator_sezzle/front/src/index.css": {"path":"/home/vfilho/projects/calculator_sezzle/front/src/index.css","statementMap":{},"fnMap":{},"branchMap":{},"s":{},"f":{},"b":{},"meta":{"lastBranch":0,"lastFunction":0,"lastStatement":0,"seen":{},"fnNames":{}}}
,"/home/vfilho/projects/calculator_sezzle/front/src/main.tsx": {"path":"/home/vfilho/projects/calculator_sezzle/front/src/main.tsx","statementMap":{"0":{"start":{"line":6,"column":0},"end":{"line":10,"column":null}}},"fnMap":{},"branchMap":{},"s":{"0":0},"f":{},"b":{},"meta":{"lastBranch":0,"lastFunction":0,"lastStatement":1,"seen":{"s:6:0:10:Infinity":0},"fnNames":{}}}
,"/home/vfilho/projects/calculator_sezzle/front/src/types.ts": {"path":"/home/vfilho/projects/calculator_sezzle/front/src/types.ts","statementMap":{},"fnMap":{},"branchMap":{},"s":{},"f":{},"b":{},"meta":{"lastBranch":0,"lastFunction":0,"lastStatement":0,"seen":{},"fnNames":{}}}
,"/home/vfilho/projects/calculator_sezzle/front/src/validation.ts": {"path":"/home/vfilho/projects/calculator_sezzle/front/src/validation.ts","statementMap":{"0":{"start":{"line":7,"column":2},"end":{"line":9,"column":null}},"1":{"start":{"line":8,"column":4},"end":{"line":8,"column":null}},"2":{"start":{"line":11,"column":14},"end":{"line":11,"column":null}},"3":{"start":{"line":12,"column":2},"end":{"line":14,"column":null}},"4":{"start":{"line":13,"column":4},"end":{"line":13,"column":null}},"5":{"start":{"line":16,"column":2},"end":{"line":18,"column":null}},"6":{"start":{"line":17,"column":4},"end":{"line":17,"column":null}},"7":{"start":{"line":20,"column":2},"end":{"line":20,"column":null}},"8":{"start":{"line":29,"column":19},"end":{"line":29,"column":null}},"9":{"start":{"line":30,"column":2},"end":{"line":32,"column":null}},"10":{"start":{"line":31,"column":4},"end":{"line":31,"column":null}},"11":{"start":{"line":34,"column":2},"end":{"line":36,"column":null}},"12":{"start":{"line":35,"column":4},"end":{"line":35,"column":null}},"13":{"start":{"line":38,"column":2},"end":{"line":38,"column":null}}},"fnMap":{"0":{"name":"validateNumber","decl":{"start":{"line":6,"column":16},"end":{"line":6,"column":31}},"loc":{"start":{"line":6,"column":61},"end":{"line":21,"column":null}},"line":6},"1":{"name":"validateDivisor","decl":{"start":{"line":28,"column":16},"end":{"line":28,"column":32}},"loc":{"start":{"line":28,"column":62},"end":{"line":39,"column":null}},"line":28}},"branchMap":{"0":{"loc":{"start":{"line":7,"column":2},"end":{"line":9,"column":null}},"type":"if","locations":[{"start":{"line":7,"column":2},"end":{"line":9,"column":null}},{"start":{},"end":{}}],"line":7},"1":{"loc":{"start":{"line":12,"column":2},"end":{"line":14,"column":null}},"type":"if","locations":[{"start":{"line":12,"column":2},"end":{"line":14,"column":null}},{"start":{},"end":{}}],"line":12},"2":{"loc":{"start":{"line":16,"column":2},"end":{"line":18,"column":null}},"type":"if","locations":[{"start":{"line":16,"column":2},"end":{"line":18,"column":null}},{"start":{},"end":{}}],"line":16},"3":{"loc":{"start":{"line":30,"column":2},"end":{"line":32,"column":null}},"type":"if","locations":[{"start":{"line":30,"column":2},"end":{"line":32,"column":null}},{"start":{},"end":{}}],"line":30},"4":{"loc":{"start":{"line":34,"column":2},"end":{"line":36,"column":null}},"type":"if","locations":[{"start":{"line":34,"column":2},"end":{"line":36,"column":null}},{"start":{},"end":{}}],"line":34}},"s":{"0":30,"1":5,"2":25,"3":25,"4":4,"5":21,"6":2,"7":19,"8":6,"9":6,"10":2,"11":4,"12":2,"13":2},"f":{"0":30,"1":6},"b":{"0":[5,25],"1":[4,21],"2":[2,19],"3":[2,4],"4":[2,2]},"meta":{"lastBranch":5,"lastFunction":2,"lastStatement":14,"seen":{"f:6:16:6:31":0,"b:7:2:9:Infinity:undefined:undefined:undefined:undefined":0,"s:7:2:9:Infinity":0,"s:8:4:8:Infinity":1,"s:11:14:11:Infinity":2,"b:12:2:14:Infinity:undefined:undefined:undefined:undefined":1,"s:12:2:14:Infinity":3,"s:13:4:13:Infinity":4,"b:16:2:18:Infinity:undefined:undefined:undefined:undefined":2,"s:16:2:18:Infinity":5,"s:17:4:17:Infinity":6,"s:20:2:20:Infinity":7,"f:28:16:28:32":1,"s:29:19:29:Infinity":8,"b:30:2:32:Infinity:undefined:undefined:undefined:undefined":3,"s:30:2:32:Infinity":9,"s:31:4:31:Infinity":10,"b:34:2:36:Infinity:undefined:undefined:undefined:undefined":4,"s:34:2:36:Infinity":11,"s:35:4:35:Infinity":12,"s:38:2:38:Infinity":13},"fnNames":{}}}
,"/home/vfilho/projects/calculator_sezzle/front/src/api/client.ts": {"path":"/home/vfilho/projects/calculator_sezzle/front/src/api/client.ts","statementMap":{"0":{"start":{"line":3,"column":22},"end":{"line":3,"column":null}},"1":{"start":{"line":16,"column":19},"end":{"line":22,"column":null}},"2":{"start":{"line":24,"column":2},"end":{"line":27,"column":null}},"3":{"start":{"line":25,"column":37},"end":{"line":25,"column":null}},"4":{"start":{"line":25,"column":72},"end":{"line":25,"column":129}},"5":{"start":{"line":26,"column":4},"end":{"line":26,"column":null}},"6":{"start":{"line":29,"column":36},"end":{"line":29,"column":null}},"7":{"start":{"line":30,"column":2},"end":{"line":30,"column":null}}},"fnMap":{"0":{"name":"calculate","decl":{"start":{"line":12,"column":22},"end":{"line":12,"column":null}},"loc":{"start":{"line":15,"column":19},"end":{"line":31,"column":null}},"line":15},"1":{"name":"(anonymous_1)","decl":{"start":{"line":25,"column":59},"end":{"line":25,"column":72}},"loc":{"start":{"line":25,"column":72},"end":{"line":25,"column":129}},"line":25}},"branchMap":{"0":{"loc":{"start":{"line":3,"column":22},"end":{"line":3,"column":77}},"type":"binary-expr","locations":[{"start":{"line":3,"column":22},"end":{"line":3,"column":54}},{"start":{"line":3,"column":54},"end":{"line":3,"column":77}}],"line":3},"1":{"loc":{"start":{"line":24,"column":2},"end":{"line":27,"column":null}},"type":"if","locations":[{"start":{"line":24,"column":2},"end":{"line":27,"column":null}},{"start":{},"end":{}}],"line":24},"2":{"loc":{"start":{"line":26,"column":20},"end":{"line":26,"column":79}},"type":"binary-expr","locations":[{"start":{"line":26,"column":20},"end":{"line":26,"column":48}},{"start":{"line":26,"column":48},"end":{"line":26,"column":79}}],"line":26}},"s":{"0":0,"1":0,"2":0,"3":0,"4":0,"5":0,"6":0,"7":0},"f":{"0":0,"1":0},"b":{"0":[0,0],"1":[0,0],"2":[0,0]},"meta":{"lastBranch":3,"lastFunction":2,"lastStatement":8,"seen":{"s:3:22:3:Infinity":0,"b:3:22:3:54:3:54:3:77":0,"f:12:22:12:Infinity":0,"s:16:19:22:Infinity":1,"b:24:2:27:Infinity:undefined:undefined:undefined:undefined":1,"s:24:2:27:Infinity":2,"s:25:37:25:Infinity":3,"f:25:59:25:72":1,"s:25:72:25:129":4,"s:26:4:26:Infinity":5,"b:26:20:26:48:26:48:26:79":2,"s:29:36:29:Infinity":6,"s:30:2:30:Infinity":7},"fnNames":{}}}
,"/home/vfilho/projects/calculator_sezzle/front/src/assets/hero.png": {"path":"/home/vfilho/projects/calculator_sezzle/front/src/assets/hero.png","statementMap":{},"fnMap":{},"branchMap":{},"s":{},"f":{},"b":{},"meta":{"lastBranch":0,"lastFunction":0,"lastStatement":0,"seen":{},"fnNames":{}}}
,"/home/vfilho/projects/calculator_sezzle/front/src/assets/react.svg": {"path":"/home/vfilho/projects/calculator_sezzle/front/src/assets/react.svg","statementMap":{},"fnMap":{},"branchMap":{},"s":{},"f":{},"b":{},"meta":{"lastBranch":0,"lastFunction":0,"lastStatement":0,"seen":{},"fnNames":{}}}
,"/home/vfilho/projects/calculator_sezzle/front/src/assets/vite.svg": {"path":"/home/vfilho/projects/calculator_sezzle/front/src/assets/vite.svg","statementMap":{},"fnMap":{},"branchMap":{},"s":{},"f":{},"b":{},"meta":{"lastBranch":0,"lastFunction":0,"lastStatement":0,"seen":{},"fnNames":{}}}
,"/home/vfilho/projects/calculator_sezzle/front/src/components/Calculator.tsx": {"path":"/home/vfilho/projects/calculator_sezzle/front/src/components/Calculator.tsx","statementMap":{"0":{"start":{"line":7,"column":83},"end":{"line":15,"column":null}},"1":{"start":{"line":22,"column":20},"end":{"line":22,"column":null}},"2":{"start":{"line":23,"column":20},"end":{"line":23,"column":null}},"3":{"start":{"line":24,"column":38},"end":{"line":24,"column":null}},"4":{"start":{"line":25,"column":30},"end":{"line":25,"column":null}},"5":{"start":{"line":26,"column":32},"end":{"line":26,"column":null}},"6":{"start":{"line":27,"column":28},"end":{"line":27,"column":null}},"7":{"start":{"line":28,"column":38},"end":{"line":28,"column":null}},"8":{"start":{"line":30,"column":20},"end":{"line":30,"column":null}},"9":{"start":{"line":30,"column":44},"end":{"line":30,"column":67}},"10":{"start":{"line":31,"column":20},"end":{"line":31,"column":null}},"11":{"start":{"line":33,"column":26},"end":{"line":64,"column":null}},"12":{"start":{"line":34,"column":4},"end":{"line":34,"column":null}},"13":{"start":{"line":35,"column":4},"end":{"line":35,"column":null}},"14":{"start":{"line":36,"column":4},"end":{"line":36,"column":null}},"15":{"start":{"line":38,"column":19},"end":{"line":38,"column":null}},"16":{"start":{"line":39,"column":4},"end":{"line":42,"column":null}},"17":{"start":{"line":40,"column":6},"end":{"line":40,"column":null}},"18":{"start":{"line":41,"column":6},"end":{"line":41,"column":null}},"19":{"start":{"line":44,"column":4},"end":{"line":50,"column":null}},"20":{"start":{"line":45,"column":21},"end":{"line":45,"column":null}},"21":{"start":{"line":46,"column":6},"end":{"line":49,"column":null}},"22":{"start":{"line":47,"column":8},"end":{"line":47,"column":null}},"23":{"start":{"line":48,"column":8},"end":{"line":48,"column":null}},"24":{"start":{"line":52,"column":4},"end":{"line":52,"column":null}},"25":{"start":{"line":53,"column":4},"end":{"line":63,"column":null}},"26":{"start":{"line":54,"column":18},"end":{"line":57,"column":null}},"27":{"start":{"line":58,"column":6},"end":{"line":58,"column":null}},"28":{"start":{"line":60,"column":6},"end":{"line":60,"column":null}},"29":{"start":{"line":62,"column":6},"end":{"line":62,"column":null}},"30":{"start":{"line":66,"column":16},"end":{"line":73,"column":null}},"31":{"start":{"line":67,"column":4},"end":{"line":67,"column":null}},"32":{"start":{"line":68,"column":4},"end":{"line":68,"column":null}},"33":{"start":{"line":69,"column":4},"end":{"line":69,"column":null}},"34":{"start":{"line":70,"column":4},"end":{"line":70,"column":null}},"35":{"start":{"line":71,"column":4},"end":{"line":71,"column":null}},"36":{"start":{"line":72,"column":4},"end":{"line":72,"column":null}},"37":{"start":{"line":75,"column":2},"end":{"line":163,"column":null}},"38":{"start":{"line":92,"column":10},"end":{"line":107,"column":null}},"39":{"start":{"line":97,"column":14},"end":{"line":97,"column":null}},"40":{"start":{"line":98,"column":14},"end":{"line":98,"column":null}},"41":{"start":{"line":99,"column":14},"end":{"line":99,"column":null}},"42":{"start":{"line":100,"column":14},"end":{"line":100,"column":null}},"43":{"start":{"line":119,"column":29},"end":{"line":119,"column":null}},"44":{"start":{"line":138,"column":29},"end":{"line":138,"column":null}},"45":{"start":{"line":162,"column":54},"end":{"line":162,"column":71}}},"fnMap":{"0":{"name":"Calculator","decl":{"start":{"line":21,"column":16},"end":{"line":21,"column":29}},"loc":{"start":{"line":21,"column":29},"end":{"line":165,"column":null}},"line":21},"1":{"name":"(anonymous_1)","decl":{"start":{"line":30,"column":31},"end":{"line":30,"column":37}},"loc":{"start":{"line":30,"column":44},"end":{"line":30,"column":67}},"line":30},"2":{"name":"(anonymous_2)","decl":{"start":{"line":33,"column":38},"end":{"line":33,"column":50}},"loc":{"start":{"line":33,"column":50},"end":{"line":64,"column":5}},"line":33},"3":{"name":"(anonymous_3)","decl":{"start":{"line":66,"column":16},"end":{"line":66,"column":34}},"loc":{"start":{"line":66,"column":34},"end":{"line":73,"column":5}},"line":66},"4":{"name":"(anonymous_4)","decl":{"start":{"line":91,"column":20},"end":{"line":91,"column":25}},"loc":{"start":{"line":92,"column":10},"end":{"line":107,"column":null}},"line":92},"5":{"name":"(anonymous_5)","decl":{"start":{"line":96,"column":12},"end":{"line":96,"column":27}},"loc":{"start":{"line":96,"column":27},"end":{"line":101,"column":null}},"line":96},"6":{"name":"(anonymous_6)","decl":{"start":{"line":119,"column":12},"end":{"line":119,"column":23}},"loc":{"start":{"line":119,"column":29},"end":{"line":119,"column":null}},"line":119},"7":{"name":"(anonymous_7)","decl":{"start":{"line":138,"column":12},"end":{"line":138,"column":23}},"loc":{"start":{"line":138,"column":29},"end":{"line":138,"column":null}},"line":138},"8":{"name":"(anonymous_8)","decl":{"start":{"line":162,"column":39},"end":{"line":162,"column":54}},"loc":{"start":{"line":162,"column":54},"end":{"line":162,"column":71}},"line":162}},"branchMap":{"0":{"loc":{"start":{"line":39,"column":4},"end":{"line":42,"column":null}},"type":"if","locations":[{"start":{"line":39,"column":4},"end":{"line":42,"column":null}},{"start":{},"end":{}}],"line":39},"1":{"loc":{"start":{"line":44,"column":4},"end":{"line":50,"column":null}},"type":"if","locations":[{"start":{"line":44,"column":4},"end":{"line":50,"column":null}},{"start":{},"end":{}}],"line":44},"2":{"loc":{"start":{"line":45,"column":21},"end":{"line":45,"column":null}},"type":"cond-expr","locations":[{"start":{"line":45,"column":47},"end":{"line":45,"column":68}},{"start":{"line":45,"column":68},"end":{"line":45,"column":null}}],"line":45},"3":{"loc":{"start":{"line":46,"column":6},"end":{"line":49,"column":null}},"type":"if","locations":[{"start":{"line":46,"column":6},"end":{"line":49,"column":null}},{"start":{},"end":{}}],"line":46},"4":{"loc":{"start":{"line":56,"column":11},"end":{"line":56,"column":null}},"type":"cond-expr","locations":[{"start":{"line":56,"column":23},"end":{"line":56,"column":35}},{"start":{"line":56,"column":35},"end":{"line":56,"column":null}}],"line":56},"5":{"loc":{"start":{"line":60,"column":15},"end":{"line":60,"column":72}},"type":"cond-expr","locations":[{"start":{"line":60,"column":38},"end":{"line":60,"column":52}},{"start":{"line":60,"column":52},"end":{"line":60,"column":72}}],"line":60},"6":{"loc":{"start":{"line":83,"column":9},"end":{"line":86,"column":null}},"type":"cond-expr","locations":[{"start":{"line":84,"column":10},"end":{"line":86,"column":11}},{"start":{"line":86,"column":10},"end":{"line":86,"column":null}}],"line":83},"7":{"loc":{"start":{"line":95,"column":33},"end":{"line":95,"column":null}},"type":"cond-expr","locations":[{"start":{"line":95,"column":59},"end":{"line":95,"column":70}},{"start":{"line":95,"column":70},"end":{"line":95,"column":null}}],"line":95},"8":{"loc":{"start":{"line":122,"column":30},"end":{"line":122,"column":null}},"type":"cond-expr","locations":[{"start":{"line":122,"column":43},"end":{"line":122,"column":59}},{"start":{"line":122,"column":59},"end":{"line":122,"column":null}}],"line":122},"9":{"loc":{"start":{"line":129,"column":13},"end":{"line":129,"column":null}},"type":"cond-expr","locations":[{"start":{"line":129,"column":39},"end":{"line":129,"column":51}},{"start":{"line":129,"column":51},"end":{"line":129,"column":null}}],"line":129},"10":{"loc":{"start":{"line":139,"column":25},"end":{"line":139,"column":null}},"type":"cond-expr","locations":[{"start":{"line":139,"column":37},"end":{"line":139,"column":50}},{"start":{"line":139,"column":50},"end":{"line":139,"column":null}}],"line":139},"11":{"loc":{"start":{"line":141,"column":30},"end":{"line":141,"column":null}},"type":"cond-expr","locations":[{"start":{"line":141,"column":43},"end":{"line":141,"column":59}},{"start":{"line":141,"column":59},"end":{"line":141,"column":null}}],"line":141},"12":{"loc":{"start":{"line":147,"column":7},"end":{"line":150,"column":null}},"type":"binary-expr","locations":[{"start":{"line":147,"column":7},"end":{"line":147,"column":null}},{"start":{"line":148,"column":8},"end":{"line":150,"column":null}}],"line":147},"13":{"loc":{"start":{"line":155,"column":11},"end":{"line":155,"column":null}},"type":"cond-expr","locations":[{"start":{"line":155,"column":21},"end":{"line":155,"column":38}},{"start":{"line":155,"column":38},"end":{"line":155,"column":null}}],"line":155},"14":{"loc":{"start":{"line":162,"column":7},"end":{"line":162,"column":null}},"type":"binary-expr","locations":[{"start":{"line":162,"column":7},"end":{"line":162,"column":16}},{"start":{"line":162,"column":16},"end":{"line":162,"column":null}}],"line":162}},"s":{"0":1,"1":68,"2":68,"3":68,"4":68,"5":68,"6":68,"7":68,"8":68,"9":140,"10":68,"11":68,"12":10,"13":10,"14":10,"15":10,"16":10,"17":2,"18":2,"19":8,"20":6,"21":6,"22":2,"23":2,"24":6,"25":6,"26":6,"27":5,"28":1,"29":6,"30":68,"31":1,"32":1,"33":1,"34":1,"35":1,"36":1,"37":68,"38":476,"39":7,"40":7,"41":7,"42":7,"43":23,"44":5,"45":0},"f":{"0":68,"1":140,"2":10,"3":1,"4":476,"5":7,"6":23,"7":5,"8":0},"b":{"0":[2,8],"1":[6,2],"2":[1,5],"3":[2,4],"4":[2,4],"5":[1,0],"6":[5,63],"7":[68,408],"8":[4,64],"9":[5,63],"10":[11,57],"11":[4,64],"12":[68,4],"13":[6,62],"14":[68,1]},"meta":{"lastBranch":15,"lastFunction":9,"lastStatement":46,"seen":{"s:7:83:15:Infinity":0,"f:21:16:21:29":0,"s:22:20:22:Infinity":1,"s:23:20:23:Infinity":2,"s:24:38:24:Infinity":3,"s:25:30:25:Infinity":4,"s:26:32:26:Infinity":5,"s:27:28:27:Infinity":6,"s:28:38:28:Infinity":7,"s:30:20:30:Infinity":8,"f:30:31:30:37":1,"s:30:44:30:67":9,"s:31:20:31:Infinity":10,"s:33:26:64:Infinity":11,"f:33:38:33:50":2,"s:34:4:34:Infinity":12,"s:35:4:35:Infinity":13,"s:36:4:36:Infinity":14,"s:38:19:38:Infinity":15,"b:39:4:42:Infinity:undefined:undefined:undefined:undefined":0,"s:39:4:42:Infinity":16,"s:40:6:40:Infinity":17,"s:41:6:41:Infinity":18,"b:44:4:50:Infinity:undefined:undefined:undefined:undefined":1,"s:44:4:50:Infinity":19,"s:45:21:45:Infinity":20,"b:45:47:45:68:45:68:45:Infinity":2,"b:46:6:49:Infinity:undefined:undefined:undefined:undefined":3,"s:46:6:49:Infinity":21,"s:47:8:47:Infinity":22,"s:48:8:48:Infinity":23,"s:52:4:52:Infinity":24,"s:53:4:63:Infinity":25,"s:54:18:57:Infinity":26,"b:56:23:56:35:56:35:56:Infinity":4,"s:58:6:58:Infinity":27,"s:60:6:60:Infinity":28,"b:60:38:60:52:60:52:60:72":5,"s:62:6:62:Infinity":29,"s:66:16:73:Infinity":30,"f:66:16:66:34":3,"s:67:4:67:Infinity":31,"s:68:4:68:Infinity":32,"s:69:4:69:Infinity":33,"s:70:4:70:Infinity":34,"s:71:4:71:Infinity":35,"s:72:4:72:Infinity":36,"s:75:2:163:Infinity":37,"b:84:10:86:11:86:10:86:Infinity":6,"f:91:20:91:25":4,"s:92:10:107:Infinity":38,"b:95:59:95:70:95:70:95:Infinity":7,"f:96:12:96:27":5,"s:97:14:97:Infinity":39,"s:98:14:98:Infinity":40,"s:99:14:99:Infinity":41,"s:100:14:100:Infinity":42,"f:119:12:119:23":6,"s:119:29:119:Infinity":43,"b:122:43:122:59:122:59:122:Infinity":8,"b:129:39:129:51:129:51:129:Infinity":9,"f:138:12:138:23":7,"s:138:29:138:Infinity":44,"b:139:37:139:50:139:50:139:Infinity":10,"b:141:43:141:59:141:59:141:Infinity":11,"b:147:7:147:Infinity:148:8:150:Infinity":12,"b:155:21:155:38:155:38:155:Infinity":13,"b:162:7:162:16:162:16:162:Infinity":14,"f:162:39:162:54":8,"s:162:54:162:71":45},"fnNames":{}}}
,"/home/vfilho/projects/calculator_sezzle/front/src/components/Toast.tsx": {"path":"/home/vfilho/projects/calculator_sezzle/front/src/components/Toast.tsx","statementMap":{"0":{"start":{"line":12,"column":2},"end":{"line":15,"column":null}},"1":{"start":{"line":13,"column":18},"end":{"line":13,"column":null}},"2":{"start":{"line":14,"column":4},"end":{"line":14,"column":null}},"3":{"start":{"line":14,"column":17},"end":{"line":14,"column":null}},"4":{"start":{"line":17,"column":2},"end":{"line":23,"column":null}}},"fnMap":{"0":{"name":"Toast","decl":{"start":{"line":11,"column":16},"end":{"line":11,"column":22}},"loc":{"start":{"line":11,"column":56},"end":{"line":25,"column":null}},"line":11},"1":{"name":"(anonymous_1)","decl":{"start":{"line":12,"column":2},"end":{"line":12,"column":18}},"loc":{"start":{"line":12,"column":18},"end":{"line":15,"column":5}},"line":12},"2":{"name":"(anonymous_2)","decl":{"start":{"line":14,"column":4},"end":{"line":14,"column":17}},"loc":{"start":{"line":14,"column":17},"end":{"line":14,"column":null}},"line":14}},"branchMap":{},"s":{"0":1,"1":1,"2":1,"3":1,"4":1},"f":{"0":1,"1":1,"2":1},"b":{},"meta":{"lastBranch":0,"lastFunction":3,"lastStatement":5,"seen":{"f:11:16:11:22":0,"s:12:2:15:Infinity":0,"f:12:2:12:18":1,"s:13:18:13:Infinity":1,"s:14:4:14:Infinity":2,"f:14:4:14:17":2,"s:14:17:14:Infinity":3,"s:17:2:23:Infinity":4},"fnNames":{}}}
}
